
=== Wed May 12 19:04:18 2021

Packages were changed.
Update Mode: updateDependencies

The following packages were added:
  com.unity.2d.sprite@1.0.0
  com.unity.2d.tilemap@1.0.0
  com.unity.ads@3.6.1
  com.unity.analytics@3.5.3
  com.unity.purchasing@2.2.2
  com.unity.xr.legacyinputhelpers@2.1.7

=== Fri May 14 21:00:59 2021

Packages were changed.
Update Mode: updateDependencies

The following packages were added:
  com.unity.2d.sprite@1.0.0
  com.unity.2d.tilemap@1.0.0
  com.unity.ads@3.6.1
  com.unity.analytics@3.5.3
  com.unity.purchasing@2.2.2
  com.unity.xr.legacyinputhelpers@2.1.7
